c:\andrei\monitoringsystem\monitoringsystem\debug\vc140.pdb
c:\andrei\monitoringsystem\monitoringsystem\debug\vc140.idb
c:\andrei\monitoringsystem\monitoringsystem\debug\alarm.obj
c:\andrei\monitoringsystem\monitoringsystem\debug\alarmsystem.obj
c:\andrei\monitoringsystem\monitoringsystem\debug\iscanner.obj
c:\andrei\monitoringsystem\monitoringsystem\debug\sensor.obj
c:\andrei\monitoringsystem\monitoringsystem\debug\source.obj
c:\andrei\monitoringsystem\monitoringsystem\debug\vibrationscanner.obj
c:\andrei\monitoringsystem\monitoringsystem\debug\alarmwrap.obj
c:\andrei\monitoringsystem\monitoringsystem\debug\ialarm.obj
c:\andrei\monitoringsystem\monitoringsystem\debug\icondition.obj
c:\andrei\monitoringsystem\monitoringsystem\debug\insidealarm.obj
c:\andrei\monitoringsystem\monitoringsystem\debug\loweralarm.obj
c:\andrei\monitoringsystem\monitoringsystem\debug\inbetweeencondition.obj
c:\andrei\monitoringsystem\debug\monitoringsystem.ilk
c:\andrei\monitoringsystem\debug\monitoringsystem.exe
c:\andrei\monitoringsystem\debug\monitoringsystem.pdb
c:\andrei\monitoringsystem\monitoringsystem\debug\monitoringsystem.tlog\cl.command.1.tlog
c:\andrei\monitoringsystem\monitoringsystem\debug\monitoringsystem.tlog\cl.read.1.tlog
c:\andrei\monitoringsystem\monitoringsystem\debug\monitoringsystem.tlog\cl.write.1.tlog
c:\andrei\monitoringsystem\monitoringsystem\debug\monitoringsystem.tlog\link.command.1.tlog
c:\andrei\monitoringsystem\monitoringsystem\debug\monitoringsystem.tlog\link.read.1.tlog
c:\andrei\monitoringsystem\monitoringsystem\debug\monitoringsystem.tlog\link.write.1.tlog
